# JRE version: OpenJDK Runtime Environment Temurin-17.0.10+7 (17.0.10+7) (build 17.0.10+7)
# Java VM: OpenJDK 64-Bit Server VM Temurin-17.0.10+7 (17.0.10+7, mixed mode, tiered, compressed oops, compressed class ptrs, parallel gc, windows-amd64)
GC Precious Log:
 CPUs: 16 total, 16 available
 Memory: 7598M
 Large Page Support: Disabled
 NUMA Support: Disabled
 Compressed Oops: Enabled (32-bit)
 Alignments: Space 512K, Generation 512K, Heap 2M
 Heap Min Capacity: 100M
 Heap Initial Capacity: 100M
 Heap Max Capacity: 1G
 Pre-touch: Disabled
 Parallel Workers: 13
Heap:
 PSYoungGen      total 22016K, used 3951K [0x00000000eab00000, 0x00000000ec400000, 0x0000000100000000)
  eden space 19968K, 21% used [0x00000000eab00000,0x00000000eaf2f708,0x00000000ebe80000)
  from space 2048K, 0% used [0x00000000ec100000,0x00000000ec100000,0x00000000ec300000)
  to   space 1024K, 0% used [0x00000000ec300000,0x00000000ec300000,0x00000000ec400000)
 ParOldGen       total 68608K, used 25385K [0x00000000c0000000, 0x00000000c4300000, 0x00000000eab00000)
  object space 68608K, 37% used [0x00000000c0000000,0x00000000c18ca420,0x00000000c4300000)
 Metaspace       used 35877K, committed 36544K, reserved 1114112K
  class space    used 3512K, committed 3776K, reserved 1048576K
GC Heap History (20 events):
Event: 4.606 GC heap before
{Heap before GC invocations=6 (full 1):
 PSYoungGen      total 29696K, used 4091K [0x00000000eab00000, 0x00000000ece00000, 0x0000000100000000)
  eden space 25600K, 0% used [0x00000000eab00000,0x00000000eab00000,0x00000000ec400000)
  from space 4096K, 99% used [0x00000000ec400000,0x00000000ec7feed0,0x00000000ec800000)
  to   space 5120K, 0% used [0x00000000ec900000,0x00000000ec900000,0x00000000ece00000)
 ParOldGen       total 68608K, used 6899K [0x00000000c0000000, 0x00000000c4300000, 0x00000000eab00000)
  object space 68608K, 10% used [0x00000000c0000000,0x00000000c06bcf58,0x00000000c4300000)
 Metaspace       used 21181K, committed 21504K, reserved 1114112K
  class space    used 2122K, committed 2304K, reserved 1048576K
}
Event: 4.654 GC heap after
{Heap after GC invocations=6 (full 1):
 PSYoungGen      total 29696K, used 0K [0x00000000eab00000, 0x00000000ece00000, 0x0000000100000000)
  eden space 25600K, 0% used [0x00000000eab00000,0x00000000eab00000,0x00000000ec400000)
  from space 4096K, 0% used [0x00000000ec400000,0x00000000ec400000,0x00000000ec800000)
  to   space 5120K, 0% used [0x00000000ec900000,0x00000000ec900000,0x00000000ece00000)
 ParOldGen       total 68608K, used 10545K [0x00000000c0000000, 0x00000000c4300000, 0x00000000eab00000)
  object space 68608K, 15% used [0x00000000c0000000,0x00000000c0a4c668,0x00000000c4300000)
 Metaspace       used 21181K, committed 21504K, reserved 1114112K
  class space    used 2122K, committed 2304K, reserved 1048576K
}
Event: 5.247 GC heap before
{Heap before GC invocations=7 (full 1):
 PSYoungGen      total 29696K, used 25600K [0x00000000eab00000, 0x00000000ece00000, 0x0000000100000000)
  eden space 25600K, 100% used [0x00000000eab00000,0x00000000ec400000,0x00000000ec400000)
  from space 4096K, 0% used [0x00000000ec400000,0x00000000ec400000,0x00000000ec800000)
  to   space 5120K, 0% used [0x00000000ec900000,0x00000000ec900000,0x00000000ece00000)
 ParOldGen       total 68608K, used 10545K [0x00000000c0000000, 0x00000000c4300000, 0x00000000eab00000)
  object space 68608K, 15% used [0x00000000c0000000,0x00000000c0a4c668,0x00000000c4300000)
 Metaspace       used 22247K, committed 22656K, reserved 1114112K
  class space    used 2237K, committed 2432K, reserved 1048576K
}
Event: 5.262 GC heap after
{Heap after GC invocations=7 (full 1):
 PSYoungGen      total 25600K, used 5120K [0x00000000eab00000, 0x00000000ed780000, 0x0000000100000000)
  eden space 20480K, 0% used [0x00000000eab00000,0x00000000eab00000,0x00000000ebf00000)
  from space 5120K, 100% used [0x00000000ec900000,0x00000000ece00000,0x00000000ece00000)
  to   space 10240K, 0% used [0x00000000ebf00000,0x00000000ebf00000,0x00000000ec900000)
 ParOldGen       total 68608K, used 14553K [0x00000000c0000000, 0x00000000c4300000, 0x00000000eab00000)
  object space 68608K, 21% used [0x00000000c0000000,0x00000000c0e36668,0x00000000c4300000)
 Metaspace       used 22247K, committed 22656K, reserved 1114112K
  class space    used 2237K, committed 2432K, reserved 1048576K
}
Event: 6.889 GC heap before
{Heap before GC invocations=8 (full 1):
 PSYoungGen      total 25600K, used 25600K [0x00000000eab00000, 0x00000000ed780000, 0x0000000100000000)
  eden space 20480K, 100% used [0x00000000eab00000,0x00000000ebf00000,0x00000000ebf00000)
  from space 5120K, 100% used [0x00000000ec900000,0x00000000ece00000,0x00000000ece00000)
  to   space 10240K, 0% used [0x00000000ebf00000,0x00000000ebf00000,0x00000000ec900000)
 ParOldGen       total 68608K, used 14553K [0x00000000c0000000, 0x00000000c4300000, 0x00000000eab00000)
  object space 68608K, 21% used [0x00000000c0000000,0x00000000c0e36668,0x00000000c4300000)
 Metaspace       used 23583K, committed 24000K, reserved 1114112K
  class space    used 2357K, committed 2560K, reserved 1048576K
}
Event: 6.896 GC heap after
{Heap after GC invocations=8 (full 1):
 PSYoungGen      total 28160K, used 7520K [0x00000000eab00000, 0x00000000ecf00000, 0x0000000100000000)
  eden space 20480K, 0% used [0x00000000eab00000,0x00000000eab00000,0x00000000ebf00000)
  from space 7680K, 97% used [0x00000000ebf00000,0x00000000ec658340,0x00000000ec680000)
  to   space 8192K, 0% used [0x00000000ec700000,0x00000000ec700000,0x00000000ecf00000)
 ParOldGen       total 68608K, used 14561K [0x00000000c0000000, 0x00000000c4300000, 0x00000000eab00000)
  object space 68608K, 21% used [0x00000000c0000000,0x00000000c0e38668,0x00000000c4300000)
 Metaspace       used 23583K, committed 24000K, reserved 1114112K
  class space    used 2357K, committed 2560K, reserved 1048576K
}
Event: 7.488 GC heap before
{Heap before GC invocations=9 (full 1):
 PSYoungGen      total 28160K, used 28000K [0x00000000eab00000, 0x00000000ecf00000, 0x0000000100000000)
  eden space 20480K, 100% used [0x00000000eab00000,0x00000000ebf00000,0x00000000ebf00000)
  from space 7680K, 97% used [0x00000000ebf00000,0x00000000ec658340,0x00000000ec680000)
  to   space 8192K, 0% used [0x00000000ec700000,0x00000000ec700000,0x00000000ecf00000)
 ParOldGen       total 68608K, used 14561K [0x00000000c0000000, 0x00000000c4300000, 0x00000000eab00000)
  object space 68608K, 21% used [0x00000000c0000000,0x00000000c0e38668,0x00000000c4300000)
 Metaspace       used 25471K, committed 26048K, reserved 1114112K
  class space    used 2563K, committed 2816K, reserved 1048576K
}
Event: 7.496 GC heap after
{Heap after GC invocations=9 (full 1):
 PSYoungGen      total 28160K, used 8186K [0x00000000eab00000, 0x00000000ed000000, 0x0000000100000000)
  eden space 19968K, 0% used [0x00000000eab00000,0x00000000eab00000,0x00000000ebe80000)
  from space 8192K, 99% used [0x00000000ec700000,0x00000000ecefe820,0x00000000ecf00000)
  to   space 8704K, 0% used [0x00000000ebe80000,0x00000000ebe80000,0x00000000ec700000)
 ParOldGen       total 68608K, used 14633K [0x00000000c0000000, 0x00000000c4300000, 0x00000000eab00000)
  object space 68608K, 21% used [0x00000000c0000000,0x00000000c0e4a668,0x00000000c4300000)
 Metaspace       used 25471K, committed 26048K, reserved 1114112K
  class space    used 2563K, committed 2816K, reserved 1048576K
}
Event: 7.983 GC heap before
{Heap before GC invocations=10 (full 1):
 PSYoungGen      total 28160K, used 28154K [0x00000000eab00000, 0x00000000ed000000, 0x0000000100000000)
  eden space 19968K, 100% used [0x00000000eab00000,0x00000000ebe80000,0x00000000ebe80000)
  from space 8192K, 99% used [0x00000000ec700000,0x00000000ecefe820,0x00000000ecf00000)
  to   space 8704K, 0% used [0x00000000ebe80000,0x00000000ebe80000,0x00000000ec700000)
 ParOldGen       total 68608K, used 14633K [0x00000000c0000000, 0x00000000c4300000, 0x00000000eab00000)
  object space 68608K, 21% used [0x00000000c0000000,0x00000000c0e4a668,0x00000000c4300000)
 Metaspace       used 27981K, committed 28672K, reserved 1114112K
  class space    used 2816K, committed 3072K, reserved 1048576K
}
Event: 7.992 GC heap after
{Heap after GC invocations=10 (full 1):
 PSYoungGen      total 26112K, used 5797K [0x00000000eab00000, 0x00000000ecc80000, 0x0000000100000000)
  eden space 19968K, 0% used [0x00000000eab00000,0x00000000eab00000,0x00000000ebe80000)
  from space 6144K, 94% used [0x00000000ebe80000,0x00000000ec429408,0x00000000ec480000)
  to   space 7168K, 0% used [0x00000000ec580000,0x00000000ec580000,0x00000000ecc80000)
 ParOldGen       total 68608K, used 19749K [0x00000000c0000000, 0x00000000c4300000, 0x00000000eab00000)
  object space 68608K, 28% used [0x00000000c0000000,0x00000000c1349678,0x00000000c4300000)
 Metaspace       used 27981K, committed 28672K, reserved 1114112K
  class space    used 2816K, committed 3072K, reserved 1048576K
}
Event: 8.231 GC heap before
{Heap before GC invocations=11 (full 1):
 PSYoungGen      total 26112K, used 25765K [0x00000000eab00000, 0x00000000ecc80000, 0x0000000100000000)
  eden space 19968K, 100% used [0x00000000eab00000,0x00000000ebe80000,0x00000000ebe80000)
  from space 6144K, 94% used [0x00000000ebe80000,0x00000000ec429408,0x00000000ec480000)
  to   space 7168K, 0% used [0x00000000ec580000,0x00000000ec580000,0x00000000ecc80000)
 ParOldGen       total 68608K, used 19749K [0x00000000c0000000, 0x00000000c4300000, 0x00000000eab00000)
  object space 68608K, 28% used [0x00000000c0000000,0x00000000c1349678,0x00000000c4300000)
 Metaspace       used 30317K, committed 30976K, reserved 1114112K
  class space    used 2974K, committed 3200K, reserved 1048576K
}
Event: 8.236 GC heap after
{Heap after GC invocations=11 (full 1):
 PSYoungGen      total 22016K, used 1648K [0x00000000eab00000, 0x00000000ec780000, 0x0000000100000000)
  eden space 19968K, 0% used [0x00000000eab00000,0x00000000eab00000,0x00000000ebe80000)
  from space 2048K, 80% used [0x00000000ec580000,0x00000000ec71c308,0x00000000ec780000)
  to   space 3584K, 0% used [0x00000000ec080000,0x00000000ec080000,0x00000000ec400000)
 ParOldGen       total 68608K, used 22824K [0x00000000c0000000, 0x00000000c4300000, 0x00000000eab00000)
  object space 68608K, 33% used [0x00000000c0000000,0x00000000c164a160,0x00000000c4300000)
 Metaspace       used 30317K, committed 30976K, reserved 1114112K
  class space    used 2974K, committed 3200K, reserved 1048576K
}
Event: 8.599 GC heap before
{Heap before GC invocations=12 (full 1):
 PSYoungGen      total 22016K, used 21616K [0x00000000eab00000, 0x00000000ec780000, 0x0000000100000000)
  eden space 19968K, 100% used [0x00000000eab00000,0x00000000ebe80000,0x00000000ebe80000)
  from space 2048K, 80% used [0x00000000ec580000,0x00000000ec71c308,0x00000000ec780000)
  to   space 3584K, 0% used [0x00000000ec080000,0x00000000ec080000,0x00000000ec400000)
 ParOldGen       total 68608K, used 22824K [0x00000000c0000000, 0x00000000c4300000, 0x00000000eab00000)
  object space 68608K, 33% used [0x00000000c0000000,0x00000000c164a160,0x00000000c4300000)
 Metaspace       used 32343K, committed 33024K, reserved 1114112K
  class space    used 3120K, committed 3392K, reserved 1048576K
}
Event: 8.604 GC heap after
{Heap after GC invocations=12 (full 1):
 PSYoungGen      total 22528K, used 2056K [0x00000000eab00000, 0x00000000ec600000, 0x0000000100000000)
  eden space 19968K, 0% used [0x00000000eab00000,0x00000000eab00000,0x00000000ebe80000)
  from space 2560K, 80% used [0x00000000ec080000,0x00000000ec2822b0,0x00000000ec300000)
  to   space 2560K, 0% used [0x00000000ec380000,0x00000000ec380000,0x00000000ec600000)
 ParOldGen       total 68608K, used 24294K [0x00000000c0000000, 0x00000000c4300000, 0x00000000eab00000)
  object space 68608K, 35% used [0x00000000c0000000,0x00000000c17b99f8,0x00000000c4300000)
 Metaspace       used 32343K, committed 33024K, reserved 1114112K
  class space    used 3120K, committed 3392K, reserved 1048576K
}
Event: 9.218 GC heap before
{Heap before GC invocations=13 (full 1):
 PSYoungGen      total 22528K, used 21981K [0x00000000eab00000, 0x00000000ec600000, 0x0000000100000000)
  eden space 19968K, 99% used [0x00000000eab00000,0x00000000ebe754d8,0x00000000ebe80000)
  from space 2560K, 80% used [0x00000000ec080000,0x00000000ec2822b0,0x00000000ec300000)
  to   space 2560K, 0% used [0x00000000ec380000,0x00000000ec380000,0x00000000ec600000)
 ParOldGen       total 68608K, used 24294K [0x00000000c0000000, 0x00000000c4300000, 0x00000000eab00000)
  object space 68608K, 35% used [0x00000000c0000000,0x00000000c17b99f8,0x00000000c4300000)
 Metaspace       used 34658K, committed 35392K, reserved 1114112K
  class space    used 3383K, committed 3712K, reserved 1048576K
}
Event: 9.224 GC heap after
{Heap after GC invocations=13 (full 1):
 PSYoungGen      total 21504K, used 1250K [0x00000000eab00000, 0x00000000ec500000, 0x0000000100000000)
  eden space 19968K, 0% used [0x00000000eab00000,0x00000000eab00000,0x00000000ebe80000)
  from space 1536K, 81% used [0x00000000ec380000,0x00000000ec4b8868,0x00000000ec500000)
  to   space 2048K, 0% used [0x00000000ec100000,0x00000000ec100000,0x00000000ec300000)
 ParOldGen       total 68608K, used 26133K [0x00000000c0000000, 0x00000000c4300000, 0x00000000eab00000)
  object space 68608K, 38% used [0x00000000c0000000,0x00000000c19854b0,0x00000000c4300000)
 Metaspace       used 34658K, committed 35392K, reserved 1114112K
  class space    used 3383K, committed 3712K, reserved 1048576K
}
Event: 9.306 GC heap before
{Heap before GC invocations=14 (full 1):
 PSYoungGen      total 21504K, used 4225K [0x00000000eab00000, 0x00000000ec500000, 0x0000000100000000)
  eden space 19968K, 14% used [0x00000000eab00000,0x00000000eade7c58,0x00000000ebe80000)
  from space 1536K, 81% used [0x00000000ec380000,0x00000000ec4b8868,0x00000000ec500000)
  to   space 2048K, 0% used [0x00000000ec100000,0x00000000ec100000,0x00000000ec300000)
 ParOldGen       total 68608K, used 26133K [0x00000000c0000000, 0x00000000c4300000, 0x00000000eab00000)
  object space 68608K, 38% used [0x00000000c0000000,0x00000000c19854b0,0x00000000c4300000)
 Metaspace       used 35161K, committed 35840K, reserved 1114112K
  class space    used 3423K, committed 3776K, reserved 1048576K
}
Event: 9.308 GC heap after
{Heap after GC invocations=14 (full 1):
 PSYoungGen      total 22016K, used 416K [0x00000000eab00000, 0x00000000ec400000, 0x0000000100000000)
  eden space 19968K, 0% used [0x00000000eab00000,0x00000000eab00000,0x00000000ebe80000)
  from space 2048K, 20% used [0x00000000ec100000,0x00000000ec168000,0x00000000ec300000)
  to   space 1024K, 0% used [0x00000000ec300000,0x00000000ec300000,0x00000000ec400000)
 ParOldGen       total 68608K, used 27091K [0x00000000c0000000, 0x00000000c4300000, 0x00000000eab00000)
  object space 68608K, 39% used [0x00000000c0000000,0x00000000c1a74e28,0x00000000c4300000)
 Metaspace       used 35161K, committed 35840K, reserved 1114112K
  class space    used 3423K, committed 3776K, reserved 1048576K
}
Event: 9.308 GC heap before
{Heap before GC invocations=15 (full 2):
 PSYoungGen      total 22016K, used 416K [0x00000000eab00000, 0x00000000ec400000, 0x0000000100000000)
  eden space 19968K, 0% used [0x00000000eab00000,0x00000000eab00000,0x00000000ebe80000)
  from space 2048K, 20% used [0x00000000ec100000,0x00000000ec168000,0x00000000ec300000)
  to   space 1024K, 0% used [0x00000000ec300000,0x00000000ec300000,0x00000000ec400000)
 ParOldGen       total 68608K, used 27091K [0x00000000c0000000, 0x00000000c4300000, 0x00000000eab00000)
  object space 68608K, 39% used [0x00000000c0000000,0x00000000c1a74e28,0x00000000c4300000)
 Metaspace       used 35161K, committed 35840K, reserved 1114112K
  class space    used 3423K, committed 3776K, reserved 1048576K
}
Event: 9.389 GC heap after
{Heap after GC invocations=15 (full 2):
 PSYoungGen      total 22016K, used 0K [0x00000000eab00000, 0x00000000ec400000, 0x0000000100000000)
  eden space 19968K, 0% used [0x00000000eab00000,0x00000000eab00000,0x00000000ebe80000)
  from space 2048K, 0% used [0x00000000ec100000,0x00000000ec100000,0x00000000ec300000)
  to   space 1024K, 0% used [0x00000000ec300000,0x00000000ec300000,0x00000000ec400000)
 ParOldGen       total 68608K, used 25385K [0x00000000c0000000, 0x00000000c4300000, 0x00000000eab00000)
  object space 68608K, 37% used [0x00000000c0000000,0x00000000c18ca420,0x00000000c4300000)
 Metaspace       used 35148K, committed 35840K, reserved 1114112K
  class space    used 3419K, committed 3776K, reserved 1048576K
}

