# JRE version: Java(TM) SE Runtime Environment 18.9 (11.0.17+10) (build 11.0.17+10-LTS-269)
# Java VM: Java HotSpot(TM) 64-Bit Server VM 18.9 (11.0.17+10-LTS-269, mixed mode, tiered, compressed oops, g1 gc, windows-amd64)
Heap:
 garbage-first heap   total 307200K, used 217133K [0x0000000080000000, 0x0000000100000000)
  region size 1024K, 2 young (2048K), 2 survivors (2048K)
 Metaspace       used 106541K, capacity 112613K, committed 112804K, reserved 612352K
  class space    used 14367K, capacity 16638K, committed 16716K, reserved 516096K
GC Heap History (10 events):
Event: 123.340 GC heap after
{Heap after GC invocations=79 (full 0):
 garbage-first heap   total 256000K, used 208934K [0x0000000080000000, 0x0000000100000000)
  region size 1024K, 2 young (2048K), 2 survivors (2048K)
 Metaspace       used 105386K, capacity 111373K, committed 111652K, reserved 612352K
  class space    used 14227K, capacity 16487K, committed 16588K, reserved 516096K
}
Event: 123.524 GC heap before
{Heap before GC invocations=79 (full 0):
 garbage-first heap   total 256000K, used 223270K [0x0000000080000000, 0x0000000100000000)
  region size 1024K, 16 young (16384K), 2 survivors (2048K)
 Metaspace       used 106281K, capacity 112243K, committed 112548K, reserved 612352K
  class space    used 14340K, capacity 16602K, committed 16716K, reserved 516096K
}
Event: 123.528 GC heap after
{Heap after GC invocations=80 (full 0):
 garbage-first heap   total 256000K, used 210283K [0x0000000080000000, 0x0000000100000000)
  region size 1024K, 2 young (2048K), 2 survivors (2048K)
 Metaspace       used 106281K, capacity 112243K, committed 112548K, reserved 612352K
  class space    used 14340K, capacity 16602K, committed 16716K, reserved 516096K
}
Event: 123.600 GC heap before
{Heap before GC invocations=80 (full 0):
 garbage-first heap   total 256000K, used 224619K [0x0000000080000000, 0x0000000100000000)
  region size 1024K, 16 young (16384K), 2 survivors (2048K)
 Metaspace       used 106358K, capacity 112313K, committed 112548K, reserved 612352K
  class space    used 14349K, capacity 16604K, committed 16716K, reserved 516096K
}
Event: 123.604 GC heap after
{Heap after GC invocations=81 (full 0):
 garbage-first heap   total 256000K, used 212324K [0x0000000080000000, 0x0000000100000000)
  region size 1024K, 2 young (2048K), 2 survivors (2048K)
 Metaspace       used 106358K, capacity 112313K, committed 112548K, reserved 612352K
  class space    used 14349K, capacity 16604K, committed 16716K, reserved 516096K
}
Event: 123.668 GC heap before
{Heap before GC invocations=81 (full 0):
 garbage-first heap   total 256000K, used 225636K [0x0000000080000000, 0x0000000100000000)
  region size 1024K, 15 young (15360K), 2 survivors (2048K)
 Metaspace       used 106360K, capacity 112313K, committed 112548K, reserved 612352K
  class space    used 14349K, capacity 16604K, committed 16716K, reserved 516096K
}
Event: 123.672 GC heap after
{Heap after GC invocations=82 (full 0):
 garbage-first heap   total 256000K, used 214185K [0x0000000080000000, 0x0000000100000000)
  region size 1024K, 2 young (2048K), 2 survivors (2048K)
 Metaspace       used 106360K, capacity 112313K, committed 112548K, reserved 612352K
  class space    used 14349K, capacity 16604K, committed 16716K, reserved 516096K
}
Event: 123.729 GC heap before
{Heap before GC invocations=82 (full 0):
 garbage-first heap   total 256000K, used 225449K [0x0000000080000000, 0x0000000100000000)
  region size 1024K, 13 young (13312K), 2 survivors (2048K)
 Metaspace       used 106527K, capacity 112601K, committed 112804K, reserved 612352K
  class space    used 14366K, capacity 16636K, committed 16716K, reserved 516096K
}
Event: 123.732 GC heap after
{Heap after GC invocations=83 (full 0):
 garbage-first heap   total 256000K, used 215555K [0x0000000080000000, 0x0000000100000000)
  region size 1024K, 2 young (2048K), 2 survivors (2048K)
 Metaspace       used 106527K, capacity 112601K, committed 112804K, reserved 612352K
  class space    used 14366K, capacity 16636K, committed 16716K, reserved 516096K
}
Event: 123.789 GC heap before
{Heap before GC invocations=83 (full 0):
 garbage-first heap   total 256000K, used 225795K [0x0000000080000000, 0x0000000100000000)
  region size 1024K, 12 young (12288K), 2 survivors (2048K)
 Metaspace       used 106541K, capacity 112613K, committed 112804K, reserved 612352K
  class space    used 14367K, capacity 16638K, committed 16716K, reserved 516096K
}

