# JRE version: Java(TM) SE Runtime Environment 18.9 (11.0.17+10) (build 11.0.17+10-LTS-269)
# Java VM: Java HotSpot(TM) 64-Bit Server VM 18.9 (11.0.17+10-LTS-269, mixed mode, tiered, compressed oops, g1 gc, windows-amd64)
Heap:
 garbage-first heap   total 307200K, used 209987K [0x0000000080000000, 0x0000000100000000)
  region size 1024K, 2 young (2048K), 2 survivors (2048K)
 Metaspace       used 111662K, capacity 117836K, committed 118016K, reserved 618496K
  class space    used 15047K, capacity 17368K, committed 17408K, reserved 516096K
GC Heap History (10 events):
Event: 387.056 GC heap after
{Heap after GC invocations=129 (full 0):
 garbage-first heap   total 211968K, used 200636K [0x0000000080000000, 0x0000000100000000)
  region size 1024K, 2 young (2048K), 2 survivors (2048K)
 Metaspace       used 111199K, capacity 117322K, committed 117504K, reserved 616448K
  class space    used 14994K, capacity 17329K, committed 17408K, reserved 516096K
}
Event: 387.200 GC heap before
{Heap before GC invocations=130 (full 0):
 garbage-first heap   total 211968K, used 208828K [0x0000000080000000, 0x0000000100000000)
  region size 1024K, 10 young (10240K), 2 survivors (2048K)
 Metaspace       used 111471K, capacity 117536K, committed 117760K, reserved 616448K
  class space    used 15029K, capacity 17334K, committed 17408K, reserved 516096K
}
Event: 387.206 GC heap after
{Heap after GC invocations=131 (full 0):
 garbage-first heap   total 256000K, used 201773K [0x0000000080000000, 0x0000000100000000)
  region size 1024K, 2 young (2048K), 2 survivors (2048K)
 Metaspace       used 111471K, capacity 117536K, committed 117760K, reserved 616448K
  class space    used 15029K, capacity 17334K, committed 17408K, reserved 516096K
}
Event: 387.350 GC heap before
{Heap before GC invocations=131 (full 0):
 garbage-first heap   total 256000K, used 218157K [0x0000000080000000, 0x0000000100000000)
  region size 1024K, 18 young (18432K), 2 survivors (2048K)
 Metaspace       used 111474K, capacity 117536K, committed 117760K, reserved 616448K
  class space    used 15029K, capacity 17334K, committed 17408K, reserved 516096K
}
Event: 387.357 GC heap after
{Heap after GC invocations=132 (full 0):
 garbage-first heap   total 256000K, used 203931K [0x0000000080000000, 0x0000000100000000)
  region size 1024K, 3 young (3072K), 3 survivors (3072K)
 Metaspace       used 111474K, capacity 117536K, committed 117760K, reserved 616448K
  class space    used 15029K, capacity 17334K, committed 17408K, reserved 516096K
}
Event: 387.560 GC heap before
{Heap before GC invocations=132 (full 0):
 garbage-first heap   total 256000K, used 219291K [0x0000000080000000, 0x0000000100000000)
  region size 1024K, 18 young (18432K), 3 survivors (3072K)
 Metaspace       used 111639K, capacity 117696K, committed 117760K, reserved 616448K
  class space    used 15046K, capacity 17366K, committed 17408K, reserved 516096K
}
Event: 387.566 GC heap after
{Heap after GC invocations=133 (full 0):
 garbage-first heap   total 256000K, used 206051K [0x0000000080000000, 0x0000000100000000)
  region size 1024K, 3 young (3072K), 3 survivors (3072K)
 Metaspace       used 111639K, capacity 117696K, committed 117760K, reserved 616448K
  class space    used 15046K, capacity 17366K, committed 17408K, reserved 516096K
}
Event: 387.740 GC heap before
{Heap before GC invocations=134 (full 0):
 garbage-first heap   total 256000K, used 220387K [0x0000000080000000, 0x0000000100000000)
  region size 1024K, 17 young (17408K), 3 survivors (3072K)
 Metaspace       used 111650K, capacity 117772K, committed 118016K, reserved 618496K
  class space    used 15047K, capacity 17368K, committed 17408K, reserved 516096K
}
Event: 387.745 GC heap after
{Heap after GC invocations=135 (full 0):
 garbage-first heap   total 256000K, used 208052K [0x0000000080000000, 0x0000000100000000)
  region size 1024K, 3 young (3072K), 3 survivors (3072K)
 Metaspace       used 111650K, capacity 117772K, committed 118016K, reserved 618496K
  class space    used 15047K, capacity 17368K, committed 17408K, reserved 516096K
}
Event: 387.892 GC heap before
{Heap before GC invocations=135 (full 0):
 garbage-first heap   total 256000K, used 221364K [0x0000000080000000, 0x0000000100000000)
  region size 1024K, 16 young (16384K), 3 survivors (3072K)
 Metaspace       used 111662K, capacity 117836K, committed 118016K, reserved 618496K
  class space    used 15047K, capacity 17368K, committed 17408K, reserved 516096K
}

